2026-05-11 07:32:06.131 [JavaFX Application Thread] INFO  com.warehouse.MainApp - === Inventory Warehouse IS – starting up ===
2026-05-11 07:32:06.622 [JavaFX Application Thread] INFO  com.warehouse.util.DatabaseConnection - Database connection established: jdbc:mysql://localhost:3306/warehouse_db?useSSL=false&allowPublicKeyRetrieval=true&serverTimezone=UTC&characterEncoding=UTF-8
2026-05-11 07:32:20.272 [JavaFX Application Thread] WARN  com.warehouse.service.UserService - Failed login attempt for username: big boss
2026-05-11 07:32:35.436 [JavaFX Application Thread] WARN  com.warehouse.service.UserService - Failed login attempt for username: operator1
2026-05-11 07:32:41.106 [JavaFX Application Thread] WARN  com.warehouse.service.UserService - Failed login attempt for username: operator1
2026-05-11 07:32:55.712 [JavaFX Application Thread] WARN  com.warehouse.service.UserService - Login attempt for unknown username: admin1
2026-05-11 07:33:06.892 [JavaFX Application Thread] WARN  com.warehouse.service.UserService - Failed login attempt for username: operator1
2026-05-11 07:33:10.781 [JavaFX Application Thread] WARN  com.warehouse.service.UserService - Failed login attempt for username: operator1
2026-05-11 07:33:19.169 [JavaFX Application Thread] WARN  com.warehouse.service.UserService - Login attempt for unknown username: admin1
2026-05-11 07:33:25.217 [JavaFX Application Thread] INFO  com.warehouse.service.UserService - User logged in: admin
2026-05-11 07:33:25.217 [JavaFX Application Thread] INFO  com.warehouse.controller.LoginController - Login successful for: admin
2026-05-11 07:34:11.107 [JavaFX Application Thread] INFO  com.warehouse.dao.impl.UserDAOImpl - User updated: id=2
2026-05-11 07:34:11.110 [JavaFX Application Thread] INFO  com.warehouse.service.UserService - Updated user id=2
2026-05-11 07:34:19.944 [JavaFX Application Thread] INFO  com.warehouse.service.UserService - User logged out: admin
2026-05-11 07:34:28.983 [JavaFX Application Thread] INFO  com.warehouse.service.UserService - User logged in: operator1
2026-05-11 07:34:28.983 [JavaFX Application Thread] INFO  com.warehouse.controller.LoginController - Login successful for: operator1
2026-05-11 07:35:14.337 [JavaFX Application Thread] ERROR com.warehouse.dao.impl.InvoiceDAOImpl - Error saving invoice: Duplicate entry 'PUR-2026-00001' for key 'invoices.invoice_number'
java.sql.SQLIntegrityConstraintViolationException: Duplicate entry 'PUR-2026-00001' for key 'invoices.invoice_number'
	at com.mysql.cj.jdbc.exceptions.SQLError.createSQLException(SQLError.java:118) ~[mysql-connector-j-8.0.33.jar:8.0.33]
	at com.mysql.cj.jdbc.exceptions.SQLExceptionsMapping.translateException(SQLExceptionsMapping.java:122) ~[mysql-connector-j-8.0.33.jar:8.0.33]
	at com.mysql.cj.jdbc.ClientPreparedStatement.executeInternal(ClientPreparedStatement.java:916) ~[mysql-connector-j-8.0.33.jar:8.0.33]
	at com.mysql.cj.jdbc.ClientPreparedStatement.executeUpdateInternal(ClientPreparedStatement.java:1061) ~[mysql-connector-j-8.0.33.jar:8.0.33]
	at com.mysql.cj.jdbc.ClientPreparedStatement.executeUpdateInternal(ClientPreparedStatement.java:1009) ~[mysql-connector-j-8.0.33.jar:8.0.33]
	at com.mysql.cj.jdbc.ClientPreparedStatement.executeLargeUpdate(ClientPreparedStatement.java:1320) ~[mysql-connector-j-8.0.33.jar:8.0.33]
	at com.mysql.cj.jdbc.ClientPreparedStatement.executeUpdate(ClientPreparedStatement.java:994) ~[mysql-connector-j-8.0.33.jar:8.0.33]
	at com.warehouse.dao.impl.InvoiceDAOImpl.save(InvoiceDAOImpl.java:48) ~[classes/:?]
	at com.warehouse.dao.impl.InvoiceDAOImpl.save(InvoiceDAOImpl.java:1) ~[classes/:?]
	at com.warehouse.service.InvoiceService.createPurchase(InvoiceService.java:81) ~[classes/:?]
	at com.warehouse.controller.PurchaseInvoiceController.handleSubmit(PurchaseInvoiceController.java:126) ~[classes/:?]
	at jdk.internal.reflect.DirectMethodHandleAccessor.invoke(DirectMethodHandleAccessor.java:103) ~[?:?]
	at java.lang.reflect.Method.invoke(Method.java:580) ~[?:?]
	at com.sun.javafx.reflect.Trampoline.invoke(MethodUtil.java:77) ~[javafx-base-17.0.6-win.jar:?]
	at jdk.internal.reflect.DirectMethodHandleAccessor.invoke(DirectMethodHandleAccessor.java:103) ~[?:?]
	at java.lang.reflect.Method.invoke(Method.java:580) ~[?:?]
	at com.sun.javafx.reflect.MethodUtil.invoke(MethodUtil.java:275) ~[javafx-base-17.0.6-win.jar:?]
	at com.sun.javafx.fxml.MethodHelper.invoke(MethodHelper.java:84) ~[javafx-fxml-17.0.6-win.jar:?]
	at javafx.fxml.FXMLLoader$MethodHandler.invoke(FXMLLoader.java:1854) ~[javafx-fxml-17.0.6-win.jar:?]
	at javafx.fxml.FXMLLoader$ControllerMethodEventHandler.handle(FXMLLoader.java:1724) ~[javafx-fxml-17.0.6-win.jar:?]
	at com.sun.javafx.event.CompositeEventHandler.dispatchBubblingEvent(CompositeEventHandler.java:86) ~[javafx-base-17.0.6-win.jar:?]
	at com.sun.javafx.event.EventHandlerManager.dispatchBubblingEvent(EventHandlerManager.java:234) ~[javafx-base-17.0.6-win.jar:?]
	at com.sun.javafx.event.EventHandlerManager.dispatchBubblingEvent(EventHandlerManager.java:191) ~[javafx-base-17.0.6-win.jar:?]
	at com.sun.javafx.event.CompositeEventDispatcher.dispatchBubblingEvent(CompositeEventDispatcher.java:59) ~[javafx-base-17.0.6-win.jar:?]
	at com.sun.javafx.event.BasicEventDispatcher.dispatchEvent(BasicEventDispatcher.java:58) ~[javafx-base-17.0.6-win.jar:?]
	at com.sun.javafx.event.EventDispatchChainImpl.dispatchEvent(EventDispatchChainImpl.java:114) ~[javafx-base-17.0.6-win.jar:?]
	at com.sun.javafx.event.BasicEventDispatcher.dispatchEvent(BasicEventDispatcher.java:56) ~[javafx-base-17.0.6-win.jar:?]
	at com.sun.javafx.event.EventDispatchChainImpl.dispatchEvent(EventDispatchChainImpl.java:114) ~[javafx-base-17.0.6-win.jar:?]
	at com.sun.javafx.event.BasicEventDispatcher.dispatchEvent(BasicEventDispatcher.java:56) ~[javafx-base-17.0.6-win.jar:?]
	at com.sun.javafx.event.EventDispatchChainImpl.dispatchEvent(EventDispatchChainImpl.java:114) ~[javafx-base-17.0.6-win.jar:?]
	at com.sun.javafx.event.BasicEventDispatcher.dispatchEvent(BasicEventDispatcher.java:56) ~[javafx-base-17.0.6-win.jar:?]
	at com.sun.javafx.event.EventDispatchChainImpl.dispatchEvent(EventDispatchChainImpl.java:114) ~[javafx-base-17.0.6-win.jar:?]
	at com.sun.javafx.event.EventUtil.fireEventImpl(EventUtil.java:74) ~[javafx-base-17.0.6-win.jar:?]
	at com.sun.javafx.event.EventUtil.fireEvent(EventUtil.java:49) ~[javafx-base-17.0.6-win.jar:?]
	at javafx.event.Event.fireEvent(Event.java:198) ~[javafx-base-17.0.6-win.jar:?]
	at javafx.scene.Node.fireEvent(Node.java:8792) ~[javafx-graphics-17.0.6-win.jar:?]
	at javafx.scene.control.Button.fire(Button.java:203) ~[javafx-controls-17.0.6-win.jar:?]
	at com.sun.javafx.scene.control.behavior.ButtonBehavior.mouseReleased(ButtonBehavior.java:208) ~[javafx-controls-17.0.6-win.jar:?]
	at com.sun.javafx.scene.control.inputmap.InputMap.handle(InputMap.java:274) ~[javafx-controls-17.0.6-win.jar:?]
	at com.sun.javafx.event.CompositeEventHandler$NormalEventHandlerRecord.handleBubblingEvent(CompositeEventHandler.java:247) ~[javafx-base-17.0.6-win.jar:?]
	at com.sun.javafx.event.CompositeEventHandler.dispatchBubblingEvent(CompositeEventHandler.java:80) ~[javafx-base-17.0.6-win.jar:?]
	at com.sun.javafx.event.EventHandlerManager.dispatchBubblingEvent(EventHandlerManager.java:234) ~[javafx-base-17.0.6-win.jar:?]
	at com.sun.javafx.event.EventHandlerManager.dispatchBubblingEvent(EventHandlerManager.java:191) ~[javafx-base-17.0.6-win.jar:?]
	at com.sun.javafx.event.CompositeEventDispatcher.dispatchBubblingEvent(CompositeEventDispatcher.java:59) ~[javafx-base-17.0.6-win.jar:?]
	at com.sun.javafx.event.BasicEventDispatcher.dispatchEvent(BasicEventDispatcher.java:58) ~[javafx-base-17.0.6-win.jar:?]
	at com.sun.javafx.event.EventDispatchChainImpl.dispatchEvent(EventDispatchChainImpl.java:114) ~[javafx-base-17.0.6-win.jar:?]
	at com.sun.javafx.event.BasicEventDispatcher.dispatchEvent(BasicEventDispatcher.java:56) ~[javafx-base-17.0.6-win.jar:?]
	at com.sun.javafx.event.EventDispatchChainImpl.dispatchEvent(EventDispatchChainImpl.java:114) ~[javafx-base-17.0.6-win.jar:?]
	at com.sun.javafx.event.BasicEventDispatcher.dispatchEvent(BasicEventDispatcher.java:56) ~[javafx-base-17.0.6-win.jar:?]
	at com.sun.javafx.event.EventDispatchChainImpl.dispatchEvent(EventDispatchChainImpl.java:114) ~[javafx-base-17.0.6-win.jar:?]
	at com.sun.javafx.event.BasicEventDispatcher.dispatchEvent(BasicEventDispatcher.java:56) ~[javafx-base-17.0.6-win.jar:?]
	at com.sun.javafx.event.EventDispatchChainImpl.dispatchEvent(EventDispatchChainImpl.java:114) ~[javafx-base-17.0.6-win.jar:?]
	at com.sun.javafx.event.EventUtil.fireEventImpl(EventUtil.java:74) ~[javafx-base-17.0.6-win.jar:?]
	at com.sun.javafx.event.EventUtil.fireEvent(EventUtil.java:54) ~[javafx-base-17.0.6-win.jar:?]
	at javafx.event.Event.fireEvent(Event.java:198) ~[javafx-base-17.0.6-win.jar:?]
	at javafx.scene.Scene$MouseHandler.process(Scene.java:3897) ~[javafx-graphics-17.0.6-win.jar:?]
	at javafx.scene.Scene.processMouseEvent(Scene.java:1878) ~[javafx-graphics-17.0.6-win.jar:?]
	at javafx.scene.Scene$ScenePeerListener.mouseEvent(Scene.java:2623) ~[javafx-graphics-17.0.6-win.jar:?]
	at com.sun.javafx.tk.quantum.GlassViewEventHandler$MouseEventNotification.run(GlassViewEventHandler.java:411) ~[javafx-graphics-17.0.6-win.jar:?]
	at com.sun.javafx.tk.quantum.GlassViewEventHandler$MouseEventNotification.run(GlassViewEventHandler.java:301) ~[javafx-graphics-17.0.6-win.jar:?]
	at java.security.AccessController.doPrivileged(AccessController.java:400) ~[?:?]
	at com.sun.javafx.tk.quantum.GlassViewEventHandler.lambda$handleMouseEvent$2(GlassViewEventHandler.java:450) ~[javafx-graphics-17.0.6-win.jar:?]
	at com.sun.javafx.tk.quantum.QuantumToolkit.runWithoutRenderLock(QuantumToolkit.java:424) ~[javafx-graphics-17.0.6-win.jar:?]
	at com.sun.javafx.tk.quantum.GlassViewEventHandler.handleMouseEvent(GlassViewEventHandler.java:449) ~[javafx-graphics-17.0.6-win.jar:?]
	at com.sun.glass.ui.View.handleMouseEvent(View.java:557) ~[javafx-graphics-17.0.6-win.jar:?]
	at com.sun.glass.ui.View.notifyMouse(View.java:943) ~[javafx-graphics-17.0.6-win.jar:?]
	at com.sun.glass.ui.win.WinApplication._runLoop(Native Method) ~[javafx-graphics-17.0.6-win.jar:?]
	at com.sun.glass.ui.win.WinApplication.lambda$runLoop$3(WinApplication.java:184) ~[javafx-graphics-17.0.6-win.jar:?]
	at java.lang.Thread.run(Thread.java:1583) [?:?]
2026-05-11 07:35:16.889 [JavaFX Application Thread] ERROR com.warehouse.dao.impl.InvoiceDAOImpl - Error saving invoice: Duplicate entry 'PUR-2026-00002' for key 'invoices.invoice_number'
java.sql.SQLIntegrityConstraintViolationException: Duplicate entry 'PUR-2026-00002' for key 'invoices.invoice_number'
	at com.mysql.cj.jdbc.exceptions.SQLError.createSQLException(SQLError.java:118) ~[mysql-connector-j-8.0.33.jar:8.0.33]
	at com.mysql.cj.jdbc.exceptions.SQLExceptionsMapping.translateException(SQLExceptionsMapping.java:122) ~[mysql-connector-j-8.0.33.jar:8.0.33]
	at com.mysql.cj.jdbc.ClientPreparedStatement.executeInternal(ClientPreparedStatement.java:916) ~[mysql-connector-j-8.0.33.jar:8.0.33]
	at com.mysql.cj.jdbc.ClientPreparedStatement.executeUpdateInternal(ClientPreparedStatement.java:1061) ~[mysql-connector-j-8.0.33.jar:8.0.33]
	at com.mysql.cj.jdbc.ClientPreparedStatement.executeUpdateInternal(ClientPreparedStatement.java:1009) ~[mysql-connector-j-8.0.33.jar:8.0.33]
	at com.mysql.cj.jdbc.ClientPreparedStatement.executeLargeUpdate(ClientPreparedStatement.java:1320) ~[mysql-connector-j-8.0.33.jar:8.0.33]
	at com.mysql.cj.jdbc.ClientPreparedStatement.executeUpdate(ClientPreparedStatement.java:994) ~[mysql-connector-j-8.0.33.jar:8.0.33]
	at com.warehouse.dao.impl.InvoiceDAOImpl.save(InvoiceDAOImpl.java:48) ~[classes/:?]
	at com.warehouse.dao.impl.InvoiceDAOImpl.save(InvoiceDAOImpl.java:1) ~[classes/:?]
	at com.warehouse.service.InvoiceService.createPurchase(InvoiceService.java:81) ~[classes/:?]
	at com.warehouse.controller.PurchaseInvoiceController.handleSubmit(PurchaseInvoiceController.java:126) ~[classes/:?]
	at jdk.internal.reflect.DirectMethodHandleAccessor.invoke(DirectMethodHandleAccessor.java:103) ~[?:?]
	at java.lang.reflect.Method.invoke(Method.java:580) ~[?:?]
	at com.sun.javafx.reflect.Trampoline.invoke(MethodUtil.java:77) ~[javafx-base-17.0.6-win.jar:?]
	at jdk.internal.reflect.DirectMethodHandleAccessor.invoke(DirectMethodHandleAccessor.java:103) ~[?:?]
	at java.lang.reflect.Method.invoke(Method.java:580) ~[?:?]
	at com.sun.javafx.reflect.MethodUtil.invoke(MethodUtil.java:275) ~[javafx-base-17.0.6-win.jar:?]
	at com.sun.javafx.fxml.MethodHelper.invoke(MethodHelper.java:84) ~[javafx-fxml-17.0.6-win.jar:?]
	at javafx.fxml.FXMLLoader$MethodHandler.invoke(FXMLLoader.java:1854) ~[javafx-fxml-17.0.6-win.jar:?]
	at javafx.fxml.FXMLLoader$ControllerMethodEventHandler.handle(FXMLLoader.java:1724) ~[javafx-fxml-17.0.6-win.jar:?]
	at com.sun.javafx.event.CompositeEventHandler.dispatchBubblingEvent(CompositeEventHandler.java:86) ~[javafx-base-17.0.6-win.jar:?]
	at com.sun.javafx.event.EventHandlerManager.dispatchBubblingEvent(EventHandlerManager.java:234) ~[javafx-base-17.0.6-win.jar:?]
	at com.sun.javafx.event.EventHandlerManager.dispatchBubblingEvent(EventHandlerManager.java:191) ~[javafx-base-17.0.6-win.jar:?]
	at com.sun.javafx.event.CompositeEventDispatcher.dispatchBubblingEvent(CompositeEventDispatcher.java:59) ~[javafx-base-17.0.6-win.jar:?]
	at com.sun.javafx.event.BasicEventDispatcher.dispatchEvent(BasicEventDispatcher.java:58) ~[javafx-base-17.0.6-win.jar:?]
	at com.sun.javafx.event.EventDispatchChainImpl.dispatchEvent(EventDispatchChainImpl.java:114) ~[javafx-base-17.0.6-win.jar:?]
	at com.sun.javafx.event.BasicEventDispatcher.dispatchEvent(BasicEventDispatcher.java:56) ~[javafx-base-17.0.6-win.jar:?]
	at com.sun.javafx.event.EventDispatchChainImpl.dispatchEvent(EventDispatchChainImpl.java:114) ~[javafx-base-17.0.6-win.jar:?]
	at com.sun.javafx.event.BasicEventDispatcher.dispatchEvent(BasicEventDispatcher.java:56) ~[javafx-base-17.0.6-win.jar:?]
	at com.sun.javafx.event.EventDispatchChainImpl.dispatchEvent(EventDispatchChainImpl.java:114) ~[javafx-base-17.0.6-win.jar:?]
	at com.sun.javafx.event.BasicEventDispatcher.dispatchEvent(BasicEventDispatcher.java:56) ~[javafx-base-17.0.6-win.jar:?]
	at com.sun.javafx.event.EventDispatchChainImpl.dispatchEvent(EventDispatchChainImpl.java:114) ~[javafx-base-17.0.6-win.jar:?]
	at com.sun.javafx.event.EventUtil.fireEventImpl(EventUtil.java:74) ~[javafx-base-17.0.6-win.jar:?]
	at com.sun.javafx.event.EventUtil.fireEvent(EventUtil.java:49) ~[javafx-base-17.0.6-win.jar:?]
	at javafx.event.Event.fireEvent(Event.java:198) ~[javafx-base-17.0.6-win.jar:?]
	at javafx.scene.Node.fireEvent(Node.java:8792) ~[javafx-graphics-17.0.6-win.jar:?]
	at javafx.scene.control.Button.fire(Button.java:203) ~[javafx-controls-17.0.6-win.jar:?]
	at com.sun.javafx.scene.control.behavior.ButtonBehavior.mouseReleased(ButtonBehavior.java:208) ~[javafx-controls-17.0.6-win.jar:?]
	at com.sun.javafx.scene.control.inputmap.InputMap.handle(InputMap.java:274) ~[javafx-controls-17.0.6-win.jar:?]
	at com.sun.javafx.event.CompositeEventHandler$NormalEventHandlerRecord.handleBubblingEvent(CompositeEventHandler.java:247) ~[javafx-base-17.0.6-win.jar:?]
	at com.sun.javafx.event.CompositeEventHandler.dispatchBubblingEvent(CompositeEventHandler.java:80) ~[javafx-base-17.0.6-win.jar:?]
	at com.sun.javafx.event.EventHandlerManager.dispatchBubblingEvent(EventHandlerManager.java:234) ~[javafx-base-17.0.6-win.jar:?]
	at com.sun.javafx.event.EventHandlerManager.dispatchBubblingEvent(EventHandlerManager.java:191) ~[javafx-base-17.0.6-win.jar:?]
	at com.sun.javafx.event.CompositeEventDispatcher.dispatchBubblingEvent(CompositeEventDispatcher.java:59) ~[javafx-base-17.0.6-win.jar:?]
	at com.sun.javafx.event.BasicEventDispatcher.dispatchEvent(BasicEventDispatcher.java:58) ~[javafx-base-17.0.6-win.jar:?]
	at com.sun.javafx.event.EventDispatchChainImpl.dispatchEvent(EventDispatchChainImpl.java:114) ~[javafx-base-17.0.6-win.jar:?]
	at com.sun.javafx.event.BasicEventDispatcher.dispatchEvent(BasicEventDispatcher.java:56) ~[javafx-base-17.0.6-win.jar:?]
	at com.sun.javafx.event.EventDispatchChainImpl.dispatchEvent(EventDispatchChainImpl.java:114) ~[javafx-base-17.0.6-win.jar:?]
	at com.sun.javafx.event.BasicEventDispatcher.dispatchEvent(BasicEventDispatcher.java:56) ~[javafx-base-17.0.6-win.jar:?]
	at com.sun.javafx.event.EventDispatchChainImpl.dispatchEvent(EventDispatchChainImpl.java:114) ~[javafx-base-17.0.6-win.jar:?]
	at com.sun.javafx.event.BasicEventDispatcher.dispatchEvent(BasicEventDispatcher.java:56) ~[javafx-base-17.0.6-win.jar:?]
	at com.sun.javafx.event.EventDispatchChainImpl.dispatchEvent(EventDispatchChainImpl.java:114) ~[javafx-base-17.0.6-win.jar:?]
	at com.sun.javafx.event.EventUtil.fireEventImpl(EventUtil.java:74) ~[javafx-base-17.0.6-win.jar:?]
	at com.sun.javafx.event.EventUtil.fireEvent(EventUtil.java:54) ~[javafx-base-17.0.6-win.jar:?]
	at javafx.event.Event.fireEvent(Event.java:198) ~[javafx-base-17.0.6-win.jar:?]
	at javafx.scene.Scene$MouseHandler.process(Scene.java:3897) ~[javafx-graphics-17.0.6-win.jar:?]
	at javafx.scene.Scene.processMouseEvent(Scene.java:1878) ~[javafx-graphics-17.0.6-win.jar:?]
	at javafx.scene.Scene$ScenePeerListener.mouseEvent(Scene.java:2623) ~[javafx-graphics-17.0.6-win.jar:?]
	at com.sun.javafx.tk.quantum.GlassViewEventHandler$MouseEventNotification.run(GlassViewEventHandler.java:411) ~[javafx-graphics-17.0.6-win.jar:?]
	at com.sun.javafx.tk.quantum.GlassViewEventHandler$MouseEventNotification.run(GlassViewEventHandler.java:301) ~[javafx-graphics-17.0.6-win.jar:?]
	at java.security.AccessController.doPrivileged(AccessController.java:400) ~[?:?]
	at com.sun.javafx.tk.quantum.GlassViewEventHandler.lambda$handleMouseEvent$2(GlassViewEventHandler.java:450) ~[javafx-graphics-17.0.6-win.jar:?]
	at com.sun.javafx.tk.quantum.QuantumToolkit.runWithoutRenderLock(QuantumToolkit.java:424) ~[javafx-graphics-17.0.6-win.jar:?]
	at com.sun.javafx.tk.quantum.GlassViewEventHandler.handleMouseEvent(GlassViewEventHandler.java:449) ~[javafx-graphics-17.0.6-win.jar:?]
	at com.sun.glass.ui.View.handleMouseEvent(View.java:557) ~[javafx-graphics-17.0.6-win.jar:?]
	at com.sun.glass.ui.View.notifyMouse(View.java:943) ~[javafx-graphics-17.0.6-win.jar:?]
	at com.sun.glass.ui.win.WinApplication._runLoop(Native Method) ~[javafx-graphics-17.0.6-win.jar:?]
	at com.sun.glass.ui.win.WinApplication.lambda$runLoop$3(WinApplication.java:184) ~[javafx-graphics-17.0.6-win.jar:?]
	at java.lang.Thread.run(Thread.java:1583) [?:?]
2026-05-11 07:35:22.270 [JavaFX Application Thread] ERROR com.warehouse.dao.impl.InvoiceDAOImpl - Error saving invoice: Duplicate entry 'PUR-2026-00003' for key 'invoices.invoice_number'
java.sql.SQLIntegrityConstraintViolationException: Duplicate entry 'PUR-2026-00003' for key 'invoices.invoice_number'
	at com.mysql.cj.jdbc.exceptions.SQLError.createSQLException(SQLError.java:118) ~[mysql-connector-j-8.0.33.jar:8.0.33]
	at com.mysql.cj.jdbc.exceptions.SQLExceptionsMapping.translateException(SQLExceptionsMapping.java:122) ~[mysql-connector-j-8.0.33.jar:8.0.33]
	at com.mysql.cj.jdbc.ClientPreparedStatement.executeInternal(ClientPreparedStatement.java:916) ~[mysql-connector-j-8.0.33.jar:8.0.33]
	at com.mysql.cj.jdbc.ClientPreparedStatement.executeUpdateInternal(ClientPreparedStatement.java:1061) ~[mysql-connector-j-8.0.33.jar:8.0.33]
	at com.mysql.cj.jdbc.ClientPreparedStatement.executeUpdateInternal(ClientPreparedStatement.java:1009) ~[mysql-connector-j-8.0.33.jar:8.0.33]
	at com.mysql.cj.jdbc.ClientPreparedStatement.executeLargeUpdate(ClientPreparedStatement.java:1320) ~[mysql-connector-j-8.0.33.jar:8.0.33]
	at com.mysql.cj.jdbc.ClientPreparedStatement.executeUpdate(ClientPreparedStatement.java:994) ~[mysql-connector-j-8.0.33.jar:8.0.33]
	at com.warehouse.dao.impl.InvoiceDAOImpl.save(InvoiceDAOImpl.java:48) ~[classes/:?]
	at com.warehouse.dao.impl.InvoiceDAOImpl.save(InvoiceDAOImpl.java:1) ~[classes/:?]
	at com.warehouse.service.InvoiceService.createPurchase(InvoiceService.java:81) ~[classes/:?]
	at com.warehouse.controller.PurchaseInvoiceController.handleSubmit(PurchaseInvoiceController.java:126) ~[classes/:?]
	at jdk.internal.reflect.DirectMethodHandleAccessor.invoke(DirectMethodHandleAccessor.java:103) ~[?:?]
	at java.lang.reflect.Method.invoke(Method.java:580) ~[?:?]
	at com.sun.javafx.reflect.Trampoline.invoke(MethodUtil.java:77) ~[javafx-base-17.0.6-win.jar:?]
	at jdk.internal.reflect.DirectMethodHandleAccessor.invoke(DirectMethodHandleAccessor.java:103) ~[?:?]
	at java.lang.reflect.Method.invoke(Method.java:580) ~[?:?]
	at com.sun.javafx.reflect.MethodUtil.invoke(MethodUtil.java:275) ~[javafx-base-17.0.6-win.jar:?]
	at com.sun.javafx.fxml.MethodHelper.invoke(MethodHelper.java:84) ~[javafx-fxml-17.0.6-win.jar:?]
	at javafx.fxml.FXMLLoader$MethodHandler.invoke(FXMLLoader.java:1854) ~[javafx-fxml-17.0.6-win.jar:?]
	at javafx.fxml.FXMLLoader$ControllerMethodEventHandler.handle(FXMLLoader.java:1724) ~[javafx-fxml-17.0.6-win.jar:?]
	at com.sun.javafx.event.CompositeEventHandler.dispatchBubblingEvent(CompositeEventHandler.java:86) ~[javafx-base-17.0.6-win.jar:?]
	at com.sun.javafx.event.EventHandlerManager.dispatchBubblingEvent(EventHandlerManager.java:234) ~[javafx-base-17.0.6-win.jar:?]
	at com.sun.javafx.event.EventHandlerManager.dispatchBubblingEvent(EventHandlerManager.java:191) ~[javafx-base-17.0.6-win.jar:?]
	at com.sun.javafx.event.CompositeEventDispatcher.dispatchBubblingEvent(CompositeEventDispatcher.java:59) ~[javafx-base-17.0.6-win.jar:?]
	at com.sun.javafx.event.BasicEventDispatcher.dispatchEvent(BasicEventDispatcher.java:58) ~[javafx-base-17.0.6-win.jar:?]
	at com.sun.javafx.event.EventDispatchChainImpl.dispatchEvent(EventDispatchChainImpl.java:114) ~[javafx-base-17.0.6-win.jar:?]
	at com.sun.javafx.event.BasicEventDispatcher.dispatchEvent(BasicEventDispatcher.java:56) ~[javafx-base-17.0.6-win.jar:?]
	at com.sun.javafx.event.EventDispatchChainImpl.dispatchEvent(EventDispatchChainImpl.java:114) ~[javafx-base-17.0.6-win.jar:?]
	at com.sun.javafx.event.BasicEventDispatcher.dispatchEvent(BasicEventDispatcher.java:56) ~[javafx-base-17.0.6-win.jar:?]
	at com.sun.javafx.event.EventDispatchChainImpl.dispatchEvent(EventDispatchChainImpl.java:114) ~[javafx-base-17.0.6-win.jar:?]
	at com.sun.javafx.event.BasicEventDispatcher.dispatchEvent(BasicEventDispatcher.java:56) ~[javafx-base-17.0.6-win.jar:?]
	at com.sun.javafx.event.EventDispatchChainImpl.dispatchEvent(EventDispatchChainImpl.java:114) ~[javafx-base-17.0.6-win.jar:?]
	at com.sun.javafx.event.EventUtil.fireEventImpl(EventUtil.java:74) ~[javafx-base-17.0.6-win.jar:?]
	at com.sun.javafx.event.EventUtil.fireEvent(EventUtil.java:49) ~[javafx-base-17.0.6-win.jar:?]
	at javafx.event.Event.fireEvent(Event.java:198) ~[javafx-base-17.0.6-win.jar:?]
	at javafx.scene.Node.fireEvent(Node.java:8792) ~[javafx-graphics-17.0.6-win.jar:?]
	at javafx.scene.control.Button.fire(Button.java:203) ~[javafx-controls-17.0.6-win.jar:?]
	at com.sun.javafx.scene.control.behavior.ButtonBehavior.mouseReleased(ButtonBehavior.java:208) ~[javafx-controls-17.0.6-win.jar:?]
	at com.sun.javafx.scene.control.inputmap.InputMap.handle(InputMap.java:274) ~[javafx-controls-17.0.6-win.jar:?]
	at com.sun.javafx.event.CompositeEventHandler$NormalEventHandlerRecord.handleBubblingEvent(CompositeEventHandler.java:247) ~[javafx-base-17.0.6-win.jar:?]
	at com.sun.javafx.event.CompositeEventHandler.dispatchBubblingEvent(CompositeEventHandler.java:80) ~[javafx-base-17.0.6-win.jar:?]
	at com.sun.javafx.event.EventHandlerManager.dispatchBubblingEvent(EventHandlerManager.java:234) ~[javafx-base-17.0.6-win.jar:?]
	at com.sun.javafx.event.EventHandlerManager.dispatchBubblingEvent(EventHandlerManager.java:191) ~[javafx-base-17.0.6-win.jar:?]
	at com.sun.javafx.event.CompositeEventDispatcher.dispatchBubblingEvent(CompositeEventDispatcher.java:59) ~[javafx-base-17.0.6-win.jar:?]
	at com.sun.javafx.event.BasicEventDispatcher.dispatchEvent(BasicEventDispatcher.java:58) ~[javafx-base-17.0.6-win.jar:?]
	at com.sun.javafx.event.EventDispatchChainImpl.dispatchEvent(EventDispatchChainImpl.java:114) ~[javafx-base-17.0.6-win.jar:?]
	at com.sun.javafx.event.BasicEventDispatcher.dispatchEvent(BasicEventDispatcher.java:56) ~[javafx-base-17.0.6-win.jar:?]
	at com.sun.javafx.event.EventDispatchChainImpl.dispatchEvent(EventDispatchChainImpl.java:114) ~[javafx-base-17.0.6-win.jar:?]
	at com.sun.javafx.event.BasicEventDispatcher.dispatchEvent(BasicEventDispatcher.java:56) ~[javafx-base-17.0.6-win.jar:?]
	at com.sun.javafx.event.EventDispatchChainImpl.dispatchEvent(EventDispatchChainImpl.java:114) ~[javafx-base-17.0.6-win.jar:?]
	at com.sun.javafx.event.BasicEventDispatcher.dispatchEvent(BasicEventDispatcher.java:56) ~[javafx-base-17.0.6-win.jar:?]
	at com.sun.javafx.event.EventDispatchChainImpl.dispatchEvent(EventDispatchChainImpl.java:114) ~[javafx-base-17.0.6-win.jar:?]
	at com.sun.javafx.event.EventUtil.fireEventImpl(EventUtil.java:74) ~[javafx-base-17.0.6-win.jar:?]
	at com.sun.javafx.event.EventUtil.fireEvent(EventUtil.java:54) ~[javafx-base-17.0.6-win.jar:?]
	at javafx.event.Event.fireEvent(Event.java:198) ~[javafx-base-17.0.6-win.jar:?]
	at javafx.scene.Scene$MouseHandler.process(Scene.java:3897) ~[javafx-graphics-17.0.6-win.jar:?]
	at javafx.scene.Scene.processMouseEvent(Scene.java:1878) ~[javafx-graphics-17.0.6-win.jar:?]
	at javafx.scene.Scene$ScenePeerListener.mouseEvent(Scene.java:2623) ~[javafx-graphics-17.0.6-win.jar:?]
	at com.sun.javafx.tk.quantum.GlassViewEventHandler$MouseEventNotification.run(GlassViewEventHandler.java:411) ~[javafx-graphics-17.0.6-win.jar:?]
	at com.sun.javafx.tk.quantum.GlassViewEventHandler$MouseEventNotification.run(GlassViewEventHandler.java:301) ~[javafx-graphics-17.0.6-win.jar:?]
	at java.security.AccessController.doPrivileged(AccessController.java:400) ~[?:?]
	at com.sun.javafx.tk.quantum.GlassViewEventHandler.lambda$handleMouseEvent$2(GlassViewEventHandler.java:450) ~[javafx-graphics-17.0.6-win.jar:?]
	at com.sun.javafx.tk.quantum.QuantumToolkit.runWithoutRenderLock(QuantumToolkit.java:424) ~[javafx-graphics-17.0.6-win.jar:?]
	at com.sun.javafx.tk.quantum.GlassViewEventHandler.handleMouseEvent(GlassViewEventHandler.java:449) ~[javafx-graphics-17.0.6-win.jar:?]
	at com.sun.glass.ui.View.handleMouseEvent(View.java:557) ~[javafx-graphics-17.0.6-win.jar:?]
	at com.sun.glass.ui.View.notifyMouse(View.java:943) ~[javafx-graphics-17.0.6-win.jar:?]
	at com.sun.glass.ui.win.WinApplication._runLoop(Native Method) ~[javafx-graphics-17.0.6-win.jar:?]
	at com.sun.glass.ui.win.WinApplication.lambda$runLoop$3(WinApplication.java:184) ~[javafx-graphics-17.0.6-win.jar:?]
	at java.lang.Thread.run(Thread.java:1583) [?:?]
2026-05-11 07:35:35.259 [JavaFX Application Thread] ERROR com.warehouse.dao.impl.InvoiceDAOImpl - Error saving invoice: Duplicate entry 'PUR-2026-00004' for key 'invoices.invoice_number'
java.sql.SQLIntegrityConstraintViolationException: Duplicate entry 'PUR-2026-00004' for key 'invoices.invoice_number'
	at com.mysql.cj.jdbc.exceptions.SQLError.createSQLException(SQLError.java:118) ~[mysql-connector-j-8.0.33.jar:8.0.33]
	at com.mysql.cj.jdbc.exceptions.SQLExceptionsMapping.translateException(SQLExceptionsMapping.java:122) ~[mysql-connector-j-8.0.33.jar:8.0.33]
	at com.mysql.cj.jdbc.ClientPreparedStatement.executeInternal(ClientPreparedStatement.java:916) ~[mysql-connector-j-8.0.33.jar:8.0.33]
	at com.mysql.cj.jdbc.ClientPreparedStatement.executeUpdateInternal(ClientPreparedStatement.java:1061) ~[mysql-connector-j-8.0.33.jar:8.0.33]
	at com.mysql.cj.jdbc.ClientPreparedStatement.executeUpdateInternal(ClientPreparedStatement.java:1009) ~[mysql-connector-j-8.0.33.jar:8.0.33]
	at com.mysql.cj.jdbc.ClientPreparedStatement.executeLargeUpdate(ClientPreparedStatement.java:1320) ~[mysql-connector-j-8.0.33.jar:8.0.33]
	at com.mysql.cj.jdbc.ClientPreparedStatement.executeUpdate(ClientPreparedStatement.java:994) ~[mysql-connector-j-8.0.33.jar:8.0.33]
	at com.warehouse.dao.impl.InvoiceDAOImpl.save(InvoiceDAOImpl.java:48) ~[classes/:?]
	at com.warehouse.dao.impl.InvoiceDAOImpl.save(InvoiceDAOImpl.java:1) ~[classes/:?]
	at com.warehouse.service.InvoiceService.createPurchase(InvoiceService.java:81) ~[classes/:?]
	at com.warehouse.controller.PurchaseInvoiceController.handleSubmit(PurchaseInvoiceController.java:126) ~[classes/:?]
	at jdk.internal.reflect.DirectMethodHandleAccessor.invoke(DirectMethodHandleAccessor.java:103) ~[?:?]
	at java.lang.reflect.Method.invoke(Method.java:580) ~[?:?]
	at com.sun.javafx.reflect.Trampoline.invoke(MethodUtil.java:77) ~[javafx-base-17.0.6-win.jar:?]
	at jdk.internal.reflect.DirectMethodHandleAccessor.invoke(DirectMethodHandleAccessor.java:103) ~[?:?]
	at java.lang.reflect.Method.invoke(Method.java:580) ~[?:?]
	at com.sun.javafx.reflect.MethodUtil.invoke(MethodUtil.java:275) ~[javafx-base-17.0.6-win.jar:?]
	at com.sun.javafx.fxml.MethodHelper.invoke(MethodHelper.java:84) ~[javafx-fxml-17.0.6-win.jar:?]
	at javafx.fxml.FXMLLoader$MethodHandler.invoke(FXMLLoader.java:1854) ~[javafx-fxml-17.0.6-win.jar:?]
	at javafx.fxml.FXMLLoader$ControllerMethodEventHandler.handle(FXMLLoader.java:1724) ~[javafx-fxml-17.0.6-win.jar:?]
	at com.sun.javafx.event.CompositeEventHandler.dispatchBubblingEvent(CompositeEventHandler.java:86) ~[javafx-base-17.0.6-win.jar:?]
	at com.sun.javafx.event.EventHandlerManager.dispatchBubblingEvent(EventHandlerManager.java:234) ~[javafx-base-17.0.6-win.jar:?]
	at com.sun.javafx.event.EventHandlerManager.dispatchBubblingEvent(EventHandlerManager.java:191) ~[javafx-base-17.0.6-win.jar:?]
	at com.sun.javafx.event.CompositeEventDispatcher.dispatchBubblingEvent(CompositeEventDispatcher.java:59) ~[javafx-base-17.0.6-win.jar:?]
	at com.sun.javafx.event.BasicEventDispatcher.dispatchEvent(BasicEventDispatcher.java:58) ~[javafx-base-17.0.6-win.jar:?]
	at com.sun.javafx.event.EventDispatchChainImpl.dispatchEvent(EventDispatchChainImpl.java:114) ~[javafx-base-17.0.6-win.jar:?]
	at com.sun.javafx.event.BasicEventDispatcher.dispatchEvent(BasicEventDispatcher.java:56) ~[javafx-base-17.0.6-win.jar:?]
	at com.sun.javafx.event.EventDispatchChainImpl.dispatchEvent(EventDispatchChainImpl.java:114) ~[javafx-base-17.0.6-win.jar:?]
	at com.sun.javafx.event.BasicEventDispatcher.dispatchEvent(BasicEventDispatcher.java:56) ~[javafx-base-17.0.6-win.jar:?]
	at com.sun.javafx.event.EventDispatchChainImpl.dispatchEvent(EventDispatchChainImpl.java:114) ~[javafx-base-17.0.6-win.jar:?]
	at com.sun.javafx.event.BasicEventDispatcher.dispatchEvent(BasicEventDispatcher.java:56) ~[javafx-base-17.0.6-win.jar:?]
	at com.sun.javafx.event.EventDispatchChainImpl.dispatchEvent(EventDispatchChainImpl.java:114) ~[javafx-base-17.0.6-win.jar:?]
	at com.sun.javafx.event.EventUtil.fireEventImpl(EventUtil.java:74) ~[javafx-base-17.0.6-win.jar:?]
	at com.sun.javafx.event.EventUtil.fireEvent(EventUtil.java:49) ~[javafx-base-17.0.6-win.jar:?]
	at javafx.event.Event.fireEvent(Event.java:198) ~[javafx-base-17.0.6-win.jar:?]
	at javafx.scene.Node.fireEvent(Node.java:8792) ~[javafx-graphics-17.0.6-win.jar:?]
	at javafx.scene.control.Button.fire(Button.java:203) ~[javafx-controls-17.0.6-win.jar:?]
	at com.sun.javafx.scene.control.behavior.ButtonBehavior.mouseReleased(ButtonBehavior.java:208) ~[javafx-controls-17.0.6-win.jar:?]
	at com.sun.javafx.scene.control.inputmap.InputMap.handle(InputMap.java:274) ~[javafx-controls-17.0.6-win.jar:?]
	at com.sun.javafx.event.CompositeEventHandler$NormalEventHandlerRecord.handleBubblingEvent(CompositeEventHandler.java:247) ~[javafx-base-17.0.6-win.jar:?]
	at com.sun.javafx.event.CompositeEventHandler.dispatchBubblingEvent(CompositeEventHandler.java:80) ~[javafx-base-17.0.6-win.jar:?]
	at com.sun.javafx.event.EventHandlerManager.dispatchBubblingEvent(EventHandlerManager.java:234) ~[javafx-base-17.0.6-win.jar:?]
	at com.sun.javafx.event.EventHandlerManager.dispatchBubblingEvent(EventHandlerManager.java:191) ~[javafx-base-17.0.6-win.jar:?]
	at com.sun.javafx.event.CompositeEventDispatcher.dispatchBubblingEvent(CompositeEventDispatcher.java:59) ~[javafx-base-17.0.6-win.jar:?]
	at com.sun.javafx.event.BasicEventDispatcher.dispatchEvent(BasicEventDispatcher.java:58) ~[javafx-base-17.0.6-win.jar:?]
	at com.sun.javafx.event.EventDispatchChainImpl.dispatchEvent(EventDispatchChainImpl.java:114) ~[javafx-base-17.0.6-win.jar:?]
	at com.sun.javafx.event.BasicEventDispatcher.dispatchEvent(BasicEventDispatcher.java:56) ~[javafx-base-17.0.6-win.jar:?]
	at com.sun.javafx.event.EventDispatchChainImpl.dispatchEvent(EventDispatchChainImpl.java:114) ~[javafx-base-17.0.6-win.jar:?]
	at com.sun.javafx.event.BasicEventDispatcher.dispatchEvent(BasicEventDispatcher.java:56) ~[javafx-base-17.0.6-win.jar:?]
	at com.sun.javafx.event.EventDispatchChainImpl.dispatchEvent(EventDispatchChainImpl.java:114) ~[javafx-base-17.0.6-win.jar:?]
	at com.sun.javafx.event.BasicEventDispatcher.dispatchEvent(BasicEventDispatcher.java:56) ~[javafx-base-17.0.6-win.jar:?]
	at com.sun.javafx.event.EventDispatchChainImpl.dispatchEvent(EventDispatchChainImpl.java:114) ~[javafx-base-17.0.6-win.jar:?]
	at com.sun.javafx.event.EventUtil.fireEventImpl(EventUtil.java:74) ~[javafx-base-17.0.6-win.jar:?]
	at com.sun.javafx.event.EventUtil.fireEvent(EventUtil.java:54) ~[javafx-base-17.0.6-win.jar:?]
	at javafx.event.Event.fireEvent(Event.java:198) ~[javafx-base-17.0.6-win.jar:?]
	at javafx.scene.Scene$MouseHandler.process(Scene.java:3897) ~[javafx-graphics-17.0.6-win.jar:?]
	at javafx.scene.Scene.processMouseEvent(Scene.java:1878) ~[javafx-graphics-17.0.6-win.jar:?]
	at javafx.scene.Scene$ScenePeerListener.mouseEvent(Scene.java:2623) ~[javafx-graphics-17.0.6-win.jar:?]
	at com.sun.javafx.tk.quantum.GlassViewEventHandler$MouseEventNotification.run(GlassViewEventHandler.java:411) ~[javafx-graphics-17.0.6-win.jar:?]
	at com.sun.javafx.tk.quantum.GlassViewEventHandler$MouseEventNotification.run(GlassViewEventHandler.java:301) ~[javafx-graphics-17.0.6-win.jar:?]
	at java.security.AccessController.doPrivileged(AccessController.java:400) ~[?:?]
	at com.sun.javafx.tk.quantum.GlassViewEventHandler.lambda$handleMouseEvent$2(GlassViewEventHandler.java:450) ~[javafx-graphics-17.0.6-win.jar:?]
	at com.sun.javafx.tk.quantum.QuantumToolkit.runWithoutRenderLock(QuantumToolkit.java:424) ~[javafx-graphics-17.0.6-win.jar:?]
	at com.sun.javafx.tk.quantum.GlassViewEventHandler.handleMouseEvent(GlassViewEventHandler.java:449) ~[javafx-graphics-17.0.6-win.jar:?]
	at com.sun.glass.ui.View.handleMouseEvent(View.java:557) ~[javafx-graphics-17.0.6-win.jar:?]
	at com.sun.glass.ui.View.notifyMouse(View.java:943) ~[javafx-graphics-17.0.6-win.jar:?]
	at com.sun.glass.ui.win.WinApplication._runLoop(Native Method) ~[javafx-graphics-17.0.6-win.jar:?]
	at com.sun.glass.ui.win.WinApplication.lambda$runLoop$3(WinApplication.java:184) ~[javafx-graphics-17.0.6-win.jar:?]
	at java.lang.Thread.run(Thread.java:1583) [?:?]
2026-05-11 07:36:23.401 [JavaFX Application Thread] INFO  com.warehouse.dao.impl.InvoiceDAOImpl - Invoice saved: PUR-2026-00005
2026-05-11 07:36:23.420 [JavaFX Application Thread] INFO  com.warehouse.dao.impl.GoodDAOImpl - Adjusted quantity for good id=4 by 45
2026-05-11 07:36:23.430 [JavaFX Application Thread] INFO  com.warehouse.dao.impl.CashTransactionDAOImpl - Cash transaction saved: EXPENSE 112.50
2026-05-11 07:36:23.430 [JavaFX Application Thread] INFO  com.warehouse.service.CashService - Cash EXPENSE 112.50 on register id=1 → new balance=11001.50
2026-05-11 07:36:23.434 [JavaFX Application Thread] INFO  com.warehouse.service.InvoiceService - Purchase invoice created: PUR-2026-00005 total=112.50
2026-05-11 07:36:42.519 [JavaFX Application Thread] INFO  com.warehouse.util.DatabaseConnection - Database connection closed.
2026-05-11 07:36:42.519 [JavaFX Application Thread] INFO  com.warehouse.MainApp - === Inventory Warehouse IS – shut down ===
